2024-01-08 09:50:02,495 [Worker-2: Loading available Gradle versions] INFO  o.e.b.c.i.u.g.PublishedGradleVersions - Gradle version information cache is up-to-date. Trying to read.
2024-01-08 09:59:05,785 [ModalContext] INFO  o.e.m.c.i.e.AbstractTransferListenerAdapter - Downloading https://repo.maven.apache.org/maven2/org/apache/maven/archetypes/maven-archetype-quickstart/1.4/maven-archetype-quickstart-1.4.pom
2024-01-08 09:59:05,856 [ModalContext] INFO  o.e.m.c.i.e.AbstractTransferListenerAdapter - Downloaded https://repo.maven.apache.org/maven2/org/apache/maven/archetypes/maven-archetype-quickstart/1.4/maven-archetype-quickstart-1.4.pom
2024-01-08 09:59:05,909 [ModalContext] INFO  o.e.m.c.i.e.AbstractTransferListenerAdapter - Downloading https://repo.maven.apache.org/maven2/org/apache/maven/archetypes/maven-archetype-bundles/1.4/maven-archetype-bundles-1.4.pom
2024-01-08 09:59:05,969 [ModalContext] INFO  o.e.m.c.i.e.AbstractTransferListenerAdapter - Downloaded https://repo.maven.apache.org/maven2/org/apache/maven/archetypes/maven-archetype-bundles/1.4/maven-archetype-bundles-1.4.pom
2024-01-08 09:59:06,033 [ModalContext] INFO  o.e.m.c.i.e.AbstractTransferListenerAdapter - Downloading https://repo.maven.apache.org/maven2/org/apache/maven/archetypes/maven-archetype-quickstart/1.4/maven-archetype-quickstart-1.4.jar
2024-01-08 09:59:06,096 [ModalContext] INFO  o.e.m.c.i.e.AbstractTransferListenerAdapter - Downloaded https://repo.maven.apache.org/maven2/org/apache/maven/archetypes/maven-archetype-quickstart/1.4/maven-archetype-quickstart-1.4.jar
2024-01-08 10:08:45,058 [Worker-39: Launching mavenrun-318d11f3-1a5c-4e5e-a662-0fe94c509918] INFO  o.eclipse.m2e.core.internal.Bundles - getClasspathEntries(Bundle=org.eclipse.m2e.maven.runtime_3.8.604.20221130-2149 [603])
2024-01-08 10:08:45,061 [Worker-39: Launching mavenrun-318d11f3-1a5c-4e5e-a662-0fe94c509918] INFO  o.eclipse.m2e.core.internal.Bundles - 	Entry: C:\Users\Ziad\.p2\pool\plugins\org.eclipse.m2e.maven.runtime_3.8.604.20221130-2149
2024-01-08 10:08:45,062 [Worker-39: Launching mavenrun-318d11f3-1a5c-4e5e-a662-0fe94c509918] INFO  o.eclipse.m2e.core.internal.Bundles - 	Entry: C:\Users\Ziad\.p2\pool\plugins\org.eclipse.m2e.maven.runtime_3.8.604.20221130-2149\jars\aether-connector-okhttp-0.17.8.jar
2024-01-08 10:08:45,062 [Worker-39: Launching mavenrun-318d11f3-1a5c-4e5e-a662-0fe94c509918] INFO  o.eclipse.m2e.core.internal.Bundles - 	Entry: C:\Users\Ziad\.p2\pool\plugins\org.eclipse.m2e.maven.runtime_3.8.604.20221130-2149\jars\commons-cli-1.4.jar
2024-01-08 10:08:45,062 [Worker-39: Launching mavenrun-318d11f3-1a5c-4e5e-a662-0fe94c509918] INFO  o.eclipse.m2e.core.internal.Bundles - 	Entry: C:\Users\Ziad\.p2\pool\plugins\org.eclipse.m2e.maven.runtime_3.8.604.20221130-2149\jars\commons-io-2.6.jar
2024-01-08 10:08:45,063 [Worker-39: Launching mavenrun-318d11f3-1a5c-4e5e-a662-0fe94c509918] INFO  o.eclipse.m2e.core.internal.Bundles - 	Entry: C:\Users\Ziad\.p2\pool\plugins\org.eclipse.m2e.maven.runtime_3.8.604.20221130-2149\jars\commons-lang3-3.8.1.jar
2024-01-08 10:08:45,063 [Worker-39: Launching mavenrun-318d11f3-1a5c-4e5e-a662-0fe94c509918] INFO  o.eclipse.m2e.core.internal.Bundles - 	Entry: C:\Users\Ziad\.p2\pool\plugins\org.eclipse.m2e.maven.runtime_3.8.604.20221130-2149\jars\guice-4.2.2-no_aop.jar
2024-01-08 10:08:45,063 [Worker-39: Launching mavenrun-318d11f3-1a5c-4e5e-a662-0fe94c509918] INFO  o.eclipse.m2e.core.internal.Bundles - 	Entry: C:\Users\Ziad\.p2\pool\plugins\org.eclipse.m2e.maven.runtime_3.8.604.20221130-2149\jars\jansi-2.4.0.jar
2024-01-08 10:08:45,063 [Worker-39: Launching mavenrun-318d11f3-1a5c-4e5e-a662-0fe94c509918] INFO  o.eclipse.m2e.core.internal.Bundles - 	Entry: C:\Users\Ziad\.p2\pool\plugins\org.eclipse.m2e.maven.runtime_3.8.604.20221130-2149\jars\maven-artifact-3.8.6.jar
2024-01-08 10:08:45,064 [Worker-39: Launching mavenrun-318d11f3-1a5c-4e5e-a662-0fe94c509918] INFO  o.eclipse.m2e.core.internal.Bundles - 	Entry: C:\Users\Ziad\.p2\pool\plugins\org.eclipse.m2e.maven.runtime_3.8.604.20221130-2149\jars\maven-builder-support-3.8.6.jar
2024-01-08 10:08:45,064 [Worker-39: Launching mavenrun-318d11f3-1a5c-4e5e-a662-0fe94c509918] INFO  o.eclipse.m2e.core.internal.Bundles - 	Entry: C:\Users\Ziad\.p2\pool\plugins\org.eclipse.m2e.maven.runtime_3.8.604.20221130-2149\jars\maven-compat-3.8.6.jar
2024-01-08 10:08:45,064 [Worker-39: Launching mavenrun-318d11f3-1a5c-4e5e-a662-0fe94c509918] INFO  o.eclipse.m2e.core.internal.Bundles - 	Entry: C:\Users\Ziad\.p2\pool\plugins\org.eclipse.m2e.maven.runtime_3.8.604.20221130-2149\jars\maven-core-3.8.6.jar
2024-01-08 10:08:45,064 [Worker-39: Launching mavenrun-318d11f3-1a5c-4e5e-a662-0fe94c509918] INFO  o.eclipse.m2e.core.internal.Bundles - 	Entry: C:\Users\Ziad\.p2\pool\plugins\org.eclipse.m2e.maven.runtime_3.8.604.20221130-2149\jars\maven-embedder-3.8.6.jar
2024-01-08 10:08:45,064 [Worker-39: Launching mavenrun-318d11f3-1a5c-4e5e-a662-0fe94c509918] INFO  o.eclipse.m2e.core.internal.Bundles - 	Entry: C:\Users\Ziad\.p2\pool\plugins\org.eclipse.m2e.maven.runtime_3.8.604.20221130-2149\jars\maven-model-3.8.6.jar
2024-01-08 10:08:45,065 [Worker-39: Launching mavenrun-318d11f3-1a5c-4e5e-a662-0fe94c509918] INFO  o.eclipse.m2e.core.internal.Bundles - 	Entry: C:\Users\Ziad\.p2\pool\plugins\org.eclipse.m2e.maven.runtime_3.8.604.20221130-2149\jars\maven-model-builder-3.8.6.jar
2024-01-08 10:08:45,065 [Worker-39: Launching mavenrun-318d11f3-1a5c-4e5e-a662-0fe94c509918] INFO  o.eclipse.m2e.core.internal.Bundles - 	Entry: C:\Users\Ziad\.p2\pool\plugins\org.eclipse.m2e.maven.runtime_3.8.604.20221130-2149\jars\maven-plugin-api-3.8.6.jar
2024-01-08 10:08:45,065 [Worker-39: Launching mavenrun-318d11f3-1a5c-4e5e-a662-0fe94c509918] INFO  o.eclipse.m2e.core.internal.Bundles - 	Entry: C:\Users\Ziad\.p2\pool\plugins\org.eclipse.m2e.maven.runtime_3.8.604.20221130-2149\jars\maven-repository-metadata-3.8.6.jar
2024-01-08 10:08:45,065 [Worker-39: Launching mavenrun-318d11f3-1a5c-4e5e-a662-0fe94c509918] INFO  o.eclipse.m2e.core.internal.Bundles - 	Entry: C:\Users\Ziad\.p2\pool\plugins\org.eclipse.m2e.maven.runtime_3.8.604.20221130-2149\jars\maven-resolver-api-1.6.3.jar
2024-01-08 10:08:45,066 [Worker-39: Launching mavenrun-318d11f3-1a5c-4e5e-a662-0fe94c509918] INFO  o.eclipse.m2e.core.internal.Bundles - 	Entry: C:\Users\Ziad\.p2\pool\plugins\org.eclipse.m2e.maven.runtime_3.8.604.20221130-2149\jars\maven-resolver-connector-basic-1.6.3.jar
2024-01-08 10:08:45,066 [Worker-39: Launching mavenrun-318d11f3-1a5c-4e5e-a662-0fe94c509918] INFO  o.eclipse.m2e.core.internal.Bundles - 	Entry: C:\Users\Ziad\.p2\pool\plugins\org.eclipse.m2e.maven.runtime_3.8.604.20221130-2149\jars\maven-resolver-impl-1.6.3.jar
2024-01-08 10:08:45,066 [Worker-39: Launching mavenrun-318d11f3-1a5c-4e5e-a662-0fe94c509918] INFO  o.eclipse.m2e.core.internal.Bundles - 	Entry: C:\Users\Ziad\.p2\pool\plugins\org.eclipse.m2e.maven.runtime_3.8.604.20221130-2149\jars\maven-resolver-provider-3.8.6.jar
2024-01-08 10:08:45,066 [Worker-39: Launching mavenrun-318d11f3-1a5c-4e5e-a662-0fe94c509918] INFO  o.eclipse.m2e.core.internal.Bundles - 	Entry: C:\Users\Ziad\.p2\pool\plugins\org.eclipse.m2e.maven.runtime_3.8.604.20221130-2149\jars\maven-resolver-spi-1.6.3.jar
2024-01-08 10:08:45,066 [Worker-39: Launching mavenrun-318d11f3-1a5c-4e5e-a662-0fe94c509918] INFO  o.eclipse.m2e.core.internal.Bundles - 	Entry: C:\Users\Ziad\.p2\pool\plugins\org.eclipse.m2e.maven.runtime_3.8.604.20221130-2149\jars\maven-resolver-transport-wagon-1.6.3.jar
2024-01-08 10:08:45,066 [Worker-39: Launching mavenrun-318d11f3-1a5c-4e5e-a662-0fe94c509918] INFO  o.eclipse.m2e.core.internal.Bundles - 	Entry: C:\Users\Ziad\.p2\pool\plugins\org.eclipse.m2e.maven.runtime_3.8.604.20221130-2149\jars\maven-resolver-util-1.6.3.jar
2024-01-08 10:08:45,067 [Worker-39: Launching mavenrun-318d11f3-1a5c-4e5e-a662-0fe94c509918] INFO  o.eclipse.m2e.core.internal.Bundles - 	Entry: C:\Users\Ziad\.p2\pool\plugins\org.eclipse.m2e.maven.runtime_3.8.604.20221130-2149\jars\maven-settings-3.8.6.jar
2024-01-08 10:08:45,067 [Worker-39: Launching mavenrun-318d11f3-1a5c-4e5e-a662-0fe94c509918] INFO  o.eclipse.m2e.core.internal.Bundles - 	Entry: C:\Users\Ziad\.p2\pool\plugins\org.eclipse.m2e.maven.runtime_3.8.604.20221130-2149\jars\maven-settings-builder-3.8.6.jar
2024-01-08 10:08:45,067 [Worker-39: Launching mavenrun-318d11f3-1a5c-4e5e-a662-0fe94c509918] INFO  o.eclipse.m2e.core.internal.Bundles - 	Entry: C:\Users\Ziad\.p2\pool\plugins\org.eclipse.m2e.maven.runtime_3.8.604.20221130-2149\jars\maven-shared-utils-3.3.4.jar
2024-01-08 10:08:45,067 [Worker-39: Launching mavenrun-318d11f3-1a5c-4e5e-a662-0fe94c509918] INFO  o.eclipse.m2e.core.internal.Bundles - 	Entry: C:\Users\Ziad\.p2\pool\plugins\org.eclipse.m2e.maven.runtime_3.8.604.20221130-2149\jars\okhttp-3.14.1.jar
2024-01-08 10:08:45,067 [Worker-39: Launching mavenrun-318d11f3-1a5c-4e5e-a662-0fe94c509918] INFO  o.eclipse.m2e.core.internal.Bundles - 	Entry: C:\Users\Ziad\.p2\pool\plugins\org.eclipse.m2e.maven.runtime_3.8.604.20221130-2149\jars\okio-1.17.3.jar
2024-01-08 10:08:45,068 [Worker-39: Launching mavenrun-318d11f3-1a5c-4e5e-a662-0fe94c509918] INFO  o.eclipse.m2e.core.internal.Bundles - 	Entry: C:\Users\Ziad\.p2\pool\plugins\org.eclipse.m2e.maven.runtime_3.8.604.20221130-2149\jars\org.eclipse.sisu.inject-0.3.5.jar
2024-01-08 10:08:45,068 [Worker-39: Launching mavenrun-318d11f3-1a5c-4e5e-a662-0fe94c509918] INFO  o.eclipse.m2e.core.internal.Bundles - 	Entry: C:\Users\Ziad\.p2\pool\plugins\org.eclipse.m2e.maven.runtime_3.8.604.20221130-2149\jars\org.eclipse.sisu.plexus-0.3.5.jar
2024-01-08 10:08:45,068 [Worker-39: Launching mavenrun-318d11f3-1a5c-4e5e-a662-0fe94c509918] INFO  o.eclipse.m2e.core.internal.Bundles - 	Entry: C:\Users\Ziad\.p2\pool\plugins\org.eclipse.m2e.maven.runtime_3.8.604.20221130-2149\jars\plexus-build-api-0.0.7.jar
2024-01-08 10:08:45,068 [Worker-39: Launching mavenrun-318d11f3-1a5c-4e5e-a662-0fe94c509918] INFO  o.eclipse.m2e.core.internal.Bundles - 	Entry: C:\Users\Ziad\.p2\pool\plugins\org.eclipse.m2e.maven.runtime_3.8.604.20221130-2149\jars\plexus-cipher-2.0.jar
2024-01-08 10:08:45,069 [Worker-39: Launching mavenrun-318d11f3-1a5c-4e5e-a662-0fe94c509918] INFO  o.eclipse.m2e.core.internal.Bundles - 	Entry: C:\Users\Ziad\.p2\pool\plugins\org.eclipse.m2e.maven.runtime_3.8.604.20221130-2149\jars\plexus-classworlds-2.6.0.jar
2024-01-08 10:08:45,069 [Worker-39: Launching mavenrun-318d11f3-1a5c-4e5e-a662-0fe94c509918] INFO  o.eclipse.m2e.core.internal.Bundles - 	Entry: C:\Users\Ziad\.p2\pool\plugins\org.eclipse.m2e.maven.runtime_3.8.604.20221130-2149\jars\plexus-component-annotations-2.1.0.jar
2024-01-08 10:08:45,069 [Worker-39: Launching mavenrun-318d11f3-1a5c-4e5e-a662-0fe94c509918] INFO  o.eclipse.m2e.core.internal.Bundles - 	Entry: C:\Users\Ziad\.p2\pool\plugins\org.eclipse.m2e.maven.runtime_3.8.604.20221130-2149\jars\plexus-interpolation-1.26.jar
2024-01-08 10:08:45,069 [Worker-39: Launching mavenrun-318d11f3-1a5c-4e5e-a662-0fe94c509918] INFO  o.eclipse.m2e.core.internal.Bundles - 	Entry: C:\Users\Ziad\.p2\pool\plugins\org.eclipse.m2e.maven.runtime_3.8.604.20221130-2149\jars\plexus-sec-dispatcher-2.0.jar
2024-01-08 10:08:45,069 [Worker-39: Launching mavenrun-318d11f3-1a5c-4e5e-a662-0fe94c509918] INFO  o.eclipse.m2e.core.internal.Bundles - 	Entry: C:\Users\Ziad\.p2\pool\plugins\org.eclipse.m2e.maven.runtime_3.8.604.20221130-2149\jars\plexus-utils-3.3.1.jar
2024-01-08 10:08:45,070 [Worker-39: Launching mavenrun-318d11f3-1a5c-4e5e-a662-0fe94c509918] INFO  o.eclipse.m2e.core.internal.Bundles - 	Entry: C:\Users\Ziad\.p2\pool\plugins\org.eclipse.m2e.maven.runtime_3.8.604.20221130-2149\jars\wagon-file-3.5.1.jar
2024-01-08 10:08:45,070 [Worker-39: Launching mavenrun-318d11f3-1a5c-4e5e-a662-0fe94c509918] INFO  o.eclipse.m2e.core.internal.Bundles - 	Entry: C:\Users\Ziad\.p2\pool\plugins\org.eclipse.m2e.maven.runtime_3.8.604.20221130-2149\jars\wagon-provider-api-3.5.1.jar
2024-01-08 10:08:45,072 [Worker-39: Launching mavenrun-318d11f3-1a5c-4e5e-a662-0fe94c509918] INFO  o.eclipse.m2e.core.internal.Bundles - getClasspathEntries(Bundle=com.google.guava_30.1.0.v20221112-0806 [10])
2024-01-08 10:08:45,073 [Worker-39: Launching mavenrun-318d11f3-1a5c-4e5e-a662-0fe94c509918] INFO  o.eclipse.m2e.core.internal.Bundles - 	Entry: C:\Users\Ziad\.p2\pool\plugins\com.google.guava_30.1.0.v20221112-0806.jar
2024-01-08 10:08:45,073 [Worker-39: Launching mavenrun-318d11f3-1a5c-4e5e-a662-0fe94c509918] INFO  o.eclipse.m2e.core.internal.Bundles - getClasspathEntries(Bundle=slf4j.api_1.7.36 [915])
2024-01-08 10:08:45,074 [Worker-39: Launching mavenrun-318d11f3-1a5c-4e5e-a662-0fe94c509918] INFO  o.eclipse.m2e.core.internal.Bundles - 	Entry: C:\Users\Ziad\.p2\pool\plugins\slf4j.api_1.7.36.jar
2024-01-08 10:08:45,075 [Worker-39: Launching mavenrun-318d11f3-1a5c-4e5e-a662-0fe94c509918] INFO  o.eclipse.m2e.core.internal.Bundles - getClasspathEntries(Bundle=javax.inject_1.0.0.v20220405-0441 [32])
2024-01-08 10:08:45,076 [Worker-39: Launching mavenrun-318d11f3-1a5c-4e5e-a662-0fe94c509918] INFO  o.eclipse.m2e.core.internal.Bundles - 	Entry: C:\Users\Ziad\.p2\pool\plugins\javax.inject_1.0.0.v20220405-0441.jar
2024-01-08 10:08:45,076 [Worker-39: Launching mavenrun-318d11f3-1a5c-4e5e-a662-0fe94c509918] INFO  o.eclipse.m2e.core.internal.Bundles - getClasspathEntries(Bundle=javax.annotation_1.3.5.v20221112-0806 [30])
2024-01-08 10:08:45,077 [Worker-39: Launching mavenrun-318d11f3-1a5c-4e5e-a662-0fe94c509918] INFO  o.eclipse.m2e.core.internal.Bundles - 	Entry: C:\Users\Ziad\.p2\pool\plugins\javax.annotation_1.3.5.v20221112-0806.jar
2024-01-08 10:08:45,080 [Worker-39: Launching mavenrun-318d11f3-1a5c-4e5e-a662-0fe94c509918] INFO  o.e.m.i.launch.MavenLaunchDelegate - Run build in "C:\Users\Ziad\AppData\Local\Temp\m2e-archetypeGenerator15345863345766259794":
2024-01-08 10:08:45,083 [Worker-39: Launching mavenrun-318d11f3-1a5c-4e5e-a662-0fe94c509918] INFO  o.e.m.i.launch.MavenLaunchDelegate -  mvn  -DarchetypeGroupId=org.apache.maven.archetypes -DarchetypeArtifactId=maven-archetype-quickstart -DarchetypeVersion=1.4 -DgroupId=Exam -DartifactId=Exercice -Dversion=0.0.1-SNAPSHOT -Dpackage=Exam.Exercice -DoutputDirectory=C:\Users\Ziad\eclipse-workspace\Exam -Dstyle.color=always -U archetype:generate
2024-01-08 10:09:16,418 [Worker-52: Creating maven-archetype-quickstart] INFO  o.e.m.c.i.p.ProjectConfigurationManager - Collecting project info '/pom.xml' C:\Users\Ziad\eclipse-workspace\Exam\Exercice\pom.xml
2024-01-08 10:09:17,391 [Worker-52: Creating maven-archetype-quickstart] INFO  o.e.m.c.i.e.AbstractTransferListenerAdapter - Downloading https://repo.maven.apache.org/maven2/org/apache/maven/plugins/maven-resources-plugin/3.0.2/maven-resources-plugin-3.0.2.jar
2024-01-08 10:09:17,473 [Worker-52: Creating maven-archetype-quickstart] INFO  o.e.m.c.i.e.AbstractTransferListenerAdapter - Downloaded https://repo.maven.apache.org/maven2/org/apache/maven/plugins/maven-resources-plugin/3.0.2/maven-resources-plugin-3.0.2.jar
2024-01-08 10:09:17,535 [Worker-52: Creating maven-archetype-quickstart] INFO  o.e.m.c.i.e.AbstractTransferListenerAdapter - Downloading https://repo.maven.apache.org/maven2/org/apache/maven/plugins/maven-jar-plugin/3.0.2/maven-jar-plugin-3.0.2.jar
2024-01-08 10:09:17,597 [Worker-52: Creating maven-archetype-quickstart] INFO  o.e.m.c.i.e.AbstractTransferListenerAdapter - Downloaded https://repo.maven.apache.org/maven2/org/apache/maven/plugins/maven-jar-plugin/3.0.2/maven-jar-plugin-3.0.2.jar
2024-01-08 10:09:18,042 [Worker-52: Creating maven-archetype-quickstart] INFO  o.e.m.c.i.l.LifecycleMappingFactory - Using org.eclipse.m2e.jdt.JarLifecycleMapping lifecycle mapping for MavenProject: Exam:Exercice:0.0.1-SNAPSHOT @ C:\Users\Ziad\eclipse-workspace\Exam\Exercice\pom.xml.
2024-01-08 10:09:18,250 [Worker-52: Creating maven-archetype-quickstart] INFO  o.e.m.c.i.e.AbstractTransferListenerAdapter - Downloading https://repo.maven.apache.org/maven2/junit/junit/4.11/junit-4.11.pom
2024-01-08 10:09:18,338 [Worker-52: Creating maven-archetype-quickstart] INFO  o.e.m.c.i.e.AbstractTransferListenerAdapter - Downloaded https://repo.maven.apache.org/maven2/junit/junit/4.11/junit-4.11.pom
2024-01-08 10:09:18,390 [Worker-52: Creating maven-archetype-quickstart] INFO  o.e.m.c.i.e.AbstractTransferListenerAdapter - Downloading https://repo.maven.apache.org/maven2/junit/junit/4.11/junit-4.11.jar
2024-01-08 10:09:18,546 [Worker-52: Creating maven-archetype-quickstart] INFO  o.e.m.c.i.e.AbstractTransferListenerAdapter - Downloaded https://repo.maven.apache.org/maven2/junit/junit/4.11/junit-4.11.jar
2024-01-08 10:09:18,604 [Worker-52: Creating maven-archetype-quickstart] INFO  o.e.m.c.i.e.AbstractTransferListenerAdapter - Downloading https://repo.maven.apache.org/maven2/org/apache/maven/plugins/maven-resources-plugin/3.0.2/maven-resources-plugin-3.0.2.pom
2024-01-08 10:09:18,647 [Worker-52: Creating maven-archetype-quickstart] INFO  o.e.m.c.i.e.AbstractTransferListenerAdapter - Downloaded https://repo.maven.apache.org/maven2/org/apache/maven/plugins/maven-resources-plugin/3.0.2/maven-resources-plugin-3.0.2.pom
2024-01-08 10:09:18,690 [Worker-52: Creating maven-archetype-quickstart] INFO  o.e.m.c.i.e.AbstractTransferListenerAdapter - Downloading https://repo.maven.apache.org/maven2/org/apache/maven/plugins/maven-plugins/30/maven-plugins-30.pom
2024-01-08 10:09:18,732 [Worker-52: Creating maven-archetype-quickstart] INFO  o.e.m.c.i.e.AbstractTransferListenerAdapter - Downloaded https://repo.maven.apache.org/maven2/org/apache/maven/plugins/maven-plugins/30/maven-plugins-30.pom
2024-01-08 10:09:18,796 [Worker-52: Creating maven-archetype-quickstart] INFO  o.e.m.c.i.e.AbstractTransferListenerAdapter - Downloading https://repo.maven.apache.org/maven2/org/apache/maven/plugins/maven-jar-plugin/3.0.2/maven-jar-plugin-3.0.2.pom
2024-01-08 10:09:18,840 [Worker-52: Creating maven-archetype-quickstart] INFO  o.e.m.c.i.e.AbstractTransferListenerAdapter - Downloaded https://repo.maven.apache.org/maven2/org/apache/maven/plugins/maven-jar-plugin/3.0.2/maven-jar-plugin-3.0.2.pom
2024-01-08 10:09:18,900 [Worker-52: Creating maven-archetype-quickstart] INFO  o.e.m.c.i.e.AbstractTransferListenerAdapter - Downloading https://repo.maven.apache.org/maven2/org/apache/maven/maven-archiver/3.1.1/maven-archiver-3.1.1.pom
2024-01-08 10:09:18,960 [Worker-52: Creating maven-archetype-quickstart] INFO  o.e.m.c.i.e.AbstractTransferListenerAdapter - Downloaded https://repo.maven.apache.org/maven2/org/apache/maven/maven-archiver/3.1.1/maven-archiver-3.1.1.pom
2024-01-08 10:09:19,014 [Worker-52: Creating maven-archetype-quickstart] INFO  o.e.m.c.i.e.AbstractTransferListenerAdapter - Downloading https://repo.maven.apache.org/maven2/org/apache/maven/shared/maven-shared-utils/3.0.1/maven-shared-utils-3.0.1.pom
2024-01-08 10:09:19,054 [Worker-52: Creating maven-archetype-quickstart] INFO  o.e.m.c.i.e.AbstractTransferListenerAdapter - Downloaded https://repo.maven.apache.org/maven2/org/apache/maven/shared/maven-shared-utils/3.0.1/maven-shared-utils-3.0.1.pom
2024-01-08 10:09:19,114 [Worker-52: Creating maven-archetype-quickstart] INFO  o.e.m.c.i.e.AbstractTransferListenerAdapter - Downloading https://repo.maven.apache.org/maven2/org/codehaus/plexus/plexus-archiver/3.3/plexus-archiver-3.3.pom
2024-01-08 10:09:19,165 [Worker-52: Creating maven-archetype-quickstart] INFO  o.e.m.c.i.e.AbstractTransferListenerAdapter - Downloaded https://repo.maven.apache.org/maven2/org/codehaus/plexus/plexus-archiver/3.3/plexus-archiver-3.3.pom
2024-01-08 10:09:19,210 [Worker-52: Creating maven-archetype-quickstart] INFO  o.e.m.c.i.e.AbstractTransferListenerAdapter - Downloading https://repo.maven.apache.org/maven2/org/codehaus/plexus/plexus-io/2.7.1/plexus-io-2.7.1.pom
2024-01-08 10:09:19,260 [Worker-52: Creating maven-archetype-quickstart] INFO  o.e.m.c.i.e.AbstractTransferListenerAdapter - Downloaded https://repo.maven.apache.org/maven2/org/codehaus/plexus/plexus-io/2.7.1/plexus-io-2.7.1.pom
2024-01-08 10:09:19,308 [Worker-52: Creating maven-archetype-quickstart] INFO  o.e.m.c.i.e.AbstractTransferListenerAdapter - Downloading https://repo.maven.apache.org/maven2/commons-io/commons-io/2.2/commons-io-2.2.pom
2024-01-08 10:09:19,353 [Worker-52: Creating maven-archetype-quickstart] INFO  o.e.m.c.i.e.AbstractTransferListenerAdapter - Downloaded https://repo.maven.apache.org/maven2/commons-io/commons-io/2.2/commons-io-2.2.pom
2024-01-08 10:09:19,395 [Worker-52: Creating maven-archetype-quickstart] INFO  o.e.m.c.i.e.AbstractTransferListenerAdapter - Downloading https://repo.maven.apache.org/maven2/org/apache/commons/commons-parent/24/commons-parent-24.pom
2024-01-08 10:09:19,457 [Worker-52: Creating maven-archetype-quickstart] INFO  o.e.m.c.i.e.AbstractTransferListenerAdapter - Downloaded https://repo.maven.apache.org/maven2/org/apache/commons/commons-parent/24/commons-parent-24.pom
2024-01-08 10:09:19,496 [Worker-52: Creating maven-archetype-quickstart] INFO  o.e.m.c.i.e.AbstractTransferListenerAdapter - Downloading https://repo.maven.apache.org/maven2/org/apache/commons/commons-compress/1.11/commons-compress-1.11.pom
2024-01-08 10:09:19,548 [Worker-52: Creating maven-archetype-quickstart] INFO  o.e.m.c.i.e.AbstractTransferListenerAdapter - Downloaded https://repo.maven.apache.org/maven2/org/apache/commons/commons-compress/1.11/commons-compress-1.11.pom
2024-01-08 10:09:19,596 [Worker-52: Creating maven-archetype-quickstart] INFO  o.e.m.c.i.e.AbstractTransferListenerAdapter - Downloading https://repo.maven.apache.org/maven2/org/tukaani/xz/1.5/xz-1.5.pom
2024-01-08 10:09:19,647 [Worker-52: Creating maven-archetype-quickstart] INFO  o.e.m.c.i.e.AbstractTransferListenerAdapter - Downloaded https://repo.maven.apache.org/maven2/org/tukaani/xz/1.5/xz-1.5.pom
2024-01-08 10:09:19,694 [Worker-52: Creating maven-archetype-quickstart] INFO  o.e.m.c.i.e.AbstractTransferListenerAdapter - Downloading https://repo.maven.apache.org/maven2/org/codehaus/plexus/plexus-archiver/3.4/plexus-archiver-3.4.pom
2024-01-08 10:09:19,736 [Worker-52: Creating maven-archetype-quickstart] INFO  o.e.m.c.i.e.AbstractTransferListenerAdapter - Downloaded https://repo.maven.apache.org/maven2/org/codehaus/plexus/plexus-archiver/3.4/plexus-archiver-3.4.pom
2024-01-08 10:09:19,800 [AetherRepositoryConnector-repo.maven.apache.org-0-2] INFO  o.e.m.c.i.e.AbstractTransferListenerAdapter - Downloading https://repo.maven.apache.org/maven2/org/codehaus/plexus/plexus-archiver/3.4/plexus-archiver-3.4.jar
2024-01-08 10:09:19,857 [AetherRepositoryConnector-repo.maven.apache.org-0-0] INFO  o.e.m.c.i.e.AbstractTransferListenerAdapter - Downloading https://repo.maven.apache.org/maven2/org/apache/maven/maven-archiver/3.1.1/maven-archiver-3.1.1.jar
2024-01-08 10:09:19,862 [AetherRepositoryConnector-repo.maven.apache.org-0-3] INFO  o.e.m.c.i.e.AbstractTransferListenerAdapter - Downloading https://repo.maven.apache.org/maven2/org/codehaus/plexus/plexus-io/2.7.1/plexus-io-2.7.1.jar
2024-01-08 10:09:19,865 [AetherRepositoryConnector-repo.maven.apache.org-0-1] INFO  o.e.m.c.i.e.AbstractTransferListenerAdapter - Downloading https://repo.maven.apache.org/maven2/org/apache/maven/shared/maven-shared-utils/3.0.1/maven-shared-utils-3.0.1.jar
2024-01-08 10:09:19,865 [AetherRepositoryConnector-repo.maven.apache.org-0-4] INFO  o.e.m.c.i.e.AbstractTransferListenerAdapter - Downloading https://repo.maven.apache.org/maven2/org/apache/commons/commons-compress/1.11/commons-compress-1.11.jar
2024-01-08 10:09:19,997 [AetherRepositoryConnector-repo.maven.apache.org-0-0] INFO  o.e.m.c.i.e.AbstractTransferListenerAdapter - Downloaded https://repo.maven.apache.org/maven2/org/apache/maven/maven-archiver/3.1.1/maven-archiver-3.1.1.jar
2024-01-08 10:09:20,001 [AetherRepositoryConnector-repo.maven.apache.org-0-2] INFO  o.e.m.c.i.e.AbstractTransferListenerAdapter - Downloaded https://repo.maven.apache.org/maven2/org/codehaus/plexus/plexus-archiver/3.4/plexus-archiver-3.4.jar
2024-01-08 10:09:20,001 [AetherRepositoryConnector-repo.maven.apache.org-0-3] INFO  o.e.m.c.i.e.AbstractTransferListenerAdapter - Downloaded https://repo.maven.apache.org/maven2/org/codehaus/plexus/plexus-io/2.7.1/plexus-io-2.7.1.jar
2024-01-08 10:09:20,004 [AetherRepositoryConnector-repo.maven.apache.org-0-1] INFO  o.e.m.c.i.e.AbstractTransferListenerAdapter - Downloaded https://repo.maven.apache.org/maven2/org/apache/maven/shared/maven-shared-utils/3.0.1/maven-shared-utils-3.0.1.jar
2024-01-08 10:09:20,039 [AetherRepositoryConnector-repo.maven.apache.org-0-0] INFO  o.e.m.c.i.e.AbstractTransferListenerAdapter - Downloading https://repo.maven.apache.org/maven2/org/tukaani/xz/1.5/xz-1.5.jar
2024-01-08 10:09:20,057 [AetherRepositoryConnector-repo.maven.apache.org-0-2] INFO  o.e.m.c.i.e.AbstractTransferListenerAdapter - Downloading https://repo.maven.apache.org/maven2/org/codehaus/plexus/plexus-utils/3.0.24/plexus-utils-3.0.24.jar
2024-01-08 10:09:20,058 [AetherRepositoryConnector-repo.maven.apache.org-0-4] INFO  o.e.m.c.i.e.AbstractTransferListenerAdapter - Downloaded https://repo.maven.apache.org/maven2/org/apache/commons/commons-compress/1.11/commons-compress-1.11.jar
2024-01-08 10:09:20,110 [AetherRepositoryConnector-repo.maven.apache.org-0-0] INFO  o.e.m.c.i.e.AbstractTransferListenerAdapter - Downloaded https://repo.maven.apache.org/maven2/org/tukaani/xz/1.5/xz-1.5.jar
2024-01-08 10:09:20,151 [AetherRepositoryConnector-repo.maven.apache.org-0-2] INFO  o.e.m.c.i.e.AbstractTransferListenerAdapter - Downloaded https://repo.maven.apache.org/maven2/org/codehaus/plexus/plexus-utils/3.0.24/plexus-utils-3.0.24.jar
2024-01-08 10:09:20,413 [Worker-52: Creating maven-archetype-quickstart] INFO  o.e.m.j.i.AbstractJavaProjectConfigurator - Adding source folder /Exercice/src/main/java
2024-01-08 10:09:20,417 [Worker-52: Creating maven-archetype-quickstart] INFO  o.e.m.j.i.AbstractJavaProjectConfigurator - Adding source folder /Exercice/src/test/java
2024-01-08 10:09:21,201 [Worker-52: Creating maven-archetype-quickstart] INFO  o.e.m.c.i.embedder.EclipseLogger - Using 'UTF-8' encoding to copy filtered resources.
2024-01-08 10:09:21,201 [Worker-52: Creating maven-archetype-quickstart] INFO  o.e.m.c.i.embedder.EclipseLogger - skip non existing resourceDirectory C:\Users\Ziad\eclipse-workspace\Exam\Exercice\src\main\resources
2024-01-08 10:09:21,204 [Worker-52: Creating maven-archetype-quickstart] INFO  o.e.m.c.i.embedder.EclipseLogger - Using 'UTF-8' encoding to copy filtered resources.
2024-01-08 10:09:21,205 [Worker-52: Creating maven-archetype-quickstart] INFO  o.e.m.c.i.embedder.EclipseLogger - skip non existing resourceDirectory C:\Users\Ziad\eclipse-workspace\Exam\Exercice\src\test\resources
2024-01-08 10:09:21,466 [Worker-52: Creating maven-archetype-quickstart] INFO  o.e.m.c.i.p.ProjectConfigurationManager - Imported and configured 1 project(s) in 5 sec
2024-01-08 10:09:21,511 [Worker-39: Download sources and javadoc] INFO  o.e.m.c.i.e.AbstractTransferListenerAdapter - Downloading https://repo.maven.apache.org/maven2/junit/junit/4.11/junit-4.11-sources.jar
2024-01-08 10:09:21,702 [Worker-39: Download sources and javadoc] INFO  o.e.m.c.i.e.AbstractTransferListenerAdapter - Downloaded https://repo.maven.apache.org/maven2/junit/junit/4.11/junit-4.11-sources.jar
2024-01-08 10:09:21,705 [Worker-39: Download sources and javadoc] INFO  o.e.m.j.internal.DownloadSourcesJob - Downloaded sources for junit:junit:4.11
2024-01-08 10:09:21,792 [Worker-57: Building] INFO  o.e.m.c.i.embedder.EclipseLogger - Using 'UTF-8' encoding to copy filtered resources.
2024-01-08 10:09:21,792 [Worker-57: Building] INFO  o.e.m.c.i.embedder.EclipseLogger - skip non existing resourceDirectory C:\Users\Ziad\eclipse-workspace\Exam\Exercice\src\main\resources
2024-01-08 10:09:21,794 [Worker-57: Building] INFO  o.e.m.c.i.embedder.EclipseLogger - Using 'UTF-8' encoding to copy filtered resources.
2024-01-08 10:09:21,795 [Worker-57: Building] INFO  o.e.m.c.i.embedder.EclipseLogger - skip non existing resourceDirectory C:\Users\Ziad\eclipse-workspace\Exam\Exercice\src\test\resources
2024-01-08 10:10:13,427 [Worker-54: Building] INFO  o.e.m.c.i.l.LifecycleMappingFactory - Using org.eclipse.m2e.jdt.JarLifecycleMapping lifecycle mapping for MavenProject: Exam:Exercice:0.0.1-SNAPSHOT @ C:\Users\Ziad\eclipse-workspace\Exam\Exercice\pom.xml.
2024-01-08 10:10:13,451 [Worker-54: Building] WARN  o.e.m.c.i.embedder.EclipseLogger - The artifact mysql:mysql-connector-java:jar:8.0.31 has been relocated to com.mysql:mysql-connector-j:jar:8.0.31: MySQL Connector/J artifacts moved to reverse-DNS compliant Maven 2+ coordinates.
2024-01-08 10:10:13,590 [Worker-54: Building] INFO  o.e.m.c.i.embedder.EclipseLogger - Using 'UTF-8' encoding to copy filtered resources.
2024-01-08 10:10:13,591 [Worker-54: Building] INFO  o.e.m.c.i.embedder.EclipseLogger - skip non existing resourceDirectory C:\Users\Ziad\eclipse-workspace\Exam\Exercice\src\main\resources
2024-01-08 10:10:13,593 [Worker-54: Building] INFO  o.e.m.c.i.embedder.EclipseLogger - Using 'UTF-8' encoding to copy filtered resources.
2024-01-08 10:10:13,593 [Worker-54: Building] INFO  o.e.m.c.i.embedder.EclipseLogger - skip non existing resourceDirectory C:\Users\Ziad\eclipse-workspace\Exam\Exercice\src\test\resources
2024-01-08 10:10:14,813 [Worker-52: Building] INFO  o.e.m.c.i.embedder.EclipseLogger - Using 'UTF-8' encoding to copy filtered resources.
2024-01-08 10:10:14,813 [Worker-52: Building] INFO  o.e.m.c.i.embedder.EclipseLogger - skip non existing resourceDirectory C:\Users\Ziad\eclipse-workspace\Exam\Exercice\src\main\resources
2024-01-08 10:10:14,814 [Worker-52: Building] INFO  o.e.m.c.i.embedder.EclipseLogger - Using 'UTF-8' encoding to copy filtered resources.
2024-01-08 10:10:14,814 [Worker-52: Building] INFO  o.e.m.c.i.embedder.EclipseLogger - skip non existing resourceDirectory C:\Users\Ziad\eclipse-workspace\Exam\Exercice\src\test\resources
2024-01-08 10:10:14,960 [Worker-58: Download sources and javadoc] INFO  o.e.m.c.i.e.AbstractTransferListenerAdapter - Downloading https://repo.maven.apache.org/maven2/org/postgresql/postgresql/42.4.0/postgresql-42.4.0-sources.jar
2024-01-08 10:10:15,264 [Worker-58: Download sources and javadoc] INFO  o.e.m.c.i.e.AbstractTransferListenerAdapter - Downloaded https://repo.maven.apache.org/maven2/org/postgresql/postgresql/42.4.0/postgresql-42.4.0-sources.jar
2024-01-08 10:10:15,266 [Worker-58: Download sources and javadoc] INFO  o.e.m.j.internal.DownloadSourcesJob - Downloaded sources for org.postgresql:postgresql:42.4.0
2024-01-08 10:10:15,442 [Worker-58: Download sources and javadoc] INFO  o.e.m.c.i.e.AbstractTransferListenerAdapter - Downloading https://repo.maven.apache.org/maven2/org/checkerframework/checker-qual/3.5.0/checker-qual-3.5.0-sources.jar
2024-01-08 10:10:15,634 [Worker-58: Download sources and javadoc] INFO  o.e.m.c.i.e.AbstractTransferListenerAdapter - Downloaded https://repo.maven.apache.org/maven2/org/checkerframework/checker-qual/3.5.0/checker-qual-3.5.0-sources.jar
2024-01-08 10:10:15,636 [Worker-58: Download sources and javadoc] INFO  o.e.m.j.internal.DownloadSourcesJob - Downloaded sources for org.checkerframework:checker-qual:3.5.0
2024-01-08 10:10:15,838 [Worker-54: Building] INFO  o.e.m.c.i.embedder.EclipseLogger - Using 'UTF-8' encoding to copy filtered resources.
2024-01-08 10:10:15,838 [Worker-54: Building] INFO  o.e.m.c.i.embedder.EclipseLogger - skip non existing resourceDirectory C:\Users\Ziad\eclipse-workspace\Exam\Exercice\src\main\resources
2024-01-08 10:10:15,839 [Worker-54: Building] INFO  o.e.m.c.i.embedder.EclipseLogger - Using 'UTF-8' encoding to copy filtered resources.
2024-01-08 10:10:15,839 [Worker-54: Building] INFO  o.e.m.c.i.embedder.EclipseLogger - skip non existing resourceDirectory C:\Users\Ziad\eclipse-workspace\Exam\Exercice\src\test\resources
2024-01-08 10:10:20,876 [main] INFO  o.e.m2e.actions.ExecutePomAction - Creating new launch configuration
2024-01-08 10:10:23,991 [Worker-56: Launching Exercice] INFO  o.e.m.i.launch.MavenLaunchDelegate - Run build in "C:\Users\Ziad\eclipse-workspace\Exam\Exercice":
2024-01-08 10:10:23,991 [Worker-56: Launching Exercice] INFO  o.e.m.i.launch.MavenLaunchDelegate -  mvn  -B -Dstyle.color=always 
2024-01-08 10:10:34,706 [Worker-39: Launching Executing install in C__Users_Ziad_eclipse-workspace_Exam_Exercice] INFO  o.e.m.i.launch.MavenLaunchDelegate - Run build in "C:\Users\Ziad\eclipse-workspace\Exam\Exercice":
2024-01-08 10:10:34,706 [Worker-39: Launching Executing install in C__Users_Ziad_eclipse-workspace_Exam_Exercice] INFO  o.e.m.i.launch.MavenLaunchDelegate -  mvn  -B -Dstyle.color=always install
2024-01-08 10:10:38,365 [Worker-58: Building] INFO  o.e.m.c.i.embedder.EclipseLogger - Using 'UTF-8' encoding to copy filtered resources.
2024-01-08 10:10:38,365 [Worker-58: Building] INFO  o.e.m.c.i.embedder.EclipseLogger - skip non existing resourceDirectory C:\Users\Ziad\eclipse-workspace\Exam\Exercice\src\main\resources
2024-01-08 10:10:38,366 [Worker-58: Building] INFO  o.e.m.c.i.embedder.EclipseLogger - Using 'UTF-8' encoding to copy filtered resources.
2024-01-08 10:10:38,367 [Worker-58: Building] INFO  o.e.m.c.i.embedder.EclipseLogger - skip non existing resourceDirectory C:\Users\Ziad\eclipse-workspace\Exam\Exercice\src\test\resources
2024-01-08 10:15:09,467 [Worker-60: Building] INFO  o.e.m.c.i.embedder.EclipseLogger - Using 'UTF-8' encoding to copy filtered resources.
2024-01-08 10:15:09,467 [Worker-60: Building] INFO  o.e.m.c.i.embedder.EclipseLogger - skip non existing resourceDirectory C:\Users\Ziad\eclipse-workspace\Exam\Exercice\src\main\resources
2024-01-08 10:15:09,470 [Worker-60: Building] INFO  o.e.m.c.i.embedder.EclipseLogger - Using 'UTF-8' encoding to copy filtered resources.
2024-01-08 10:15:09,470 [Worker-60: Building] INFO  o.e.m.c.i.embedder.EclipseLogger - skip non existing resourceDirectory C:\Users\Ziad\eclipse-workspace\Exam\Exercice\src\test\resources
2024-01-08 10:15:10,487 [Worker-58: Building] INFO  o.e.m.c.i.embedder.EclipseLogger - Using 'UTF-8' encoding to copy filtered resources.
2024-01-08 10:15:10,487 [Worker-58: Building] INFO  o.e.m.c.i.embedder.EclipseLogger - skip non existing resourceDirectory C:\Users\Ziad\eclipse-workspace\Exam\Exercice\src\main\resources
2024-01-08 10:15:10,490 [Worker-58: Building] INFO  o.e.m.c.i.embedder.EclipseLogger - Using 'UTF-8' encoding to copy filtered resources.
2024-01-08 10:15:10,490 [Worker-58: Building] INFO  o.e.m.c.i.embedder.EclipseLogger - skip non existing resourceDirectory C:\Users\Ziad\eclipse-workspace\Exam\Exercice\src\test\resources
2024-01-08 10:18:11,958 [Worker-39: Building] ERROR o.e.m.c.i.URLConnectionCaches - Unexpected URLConnection defaultUseCaches enabled
2024-01-08 10:18:11,960 [Worker-39: Building] INFO  o.e.m.c.i.embedder.EclipseLogger - Using 'UTF-8' encoding to copy filtered resources.
2024-01-08 10:18:11,961 [Worker-39: Building] INFO  o.e.m.c.i.embedder.EclipseLogger - skip non existing resourceDirectory C:\Users\Ziad\eclipse-workspace\Exam\Exercice\src\main\resources
2024-01-08 10:18:11,962 [Worker-39: Building] INFO  o.e.m.c.i.embedder.EclipseLogger - Using 'UTF-8' encoding to copy filtered resources.
2024-01-08 10:18:11,962 [Worker-39: Building] INFO  o.e.m.c.i.embedder.EclipseLogger - skip non existing resourceDirectory C:\Users\Ziad\eclipse-workspace\Exam\Exercice\src\test\resources
2024-01-08 10:18:26,812 [Worker-39: Building] ERROR o.e.m.c.i.URLConnectionCaches - Unexpected URLConnection defaultUseCaches enabled
2024-01-08 10:18:26,815 [Worker-39: Building] INFO  o.e.m.c.i.embedder.EclipseLogger - Using 'UTF-8' encoding to copy filtered resources.
2024-01-08 10:18:26,815 [Worker-39: Building] INFO  o.e.m.c.i.embedder.EclipseLogger - skip non existing resourceDirectory C:\Users\Ziad\eclipse-workspace\Exam\Exercice\src\main\resources
2024-01-08 10:18:26,817 [Worker-39: Building] INFO  o.e.m.c.i.embedder.EclipseLogger - Using 'UTF-8' encoding to copy filtered resources.
2024-01-08 10:18:26,817 [Worker-39: Building] INFO  o.e.m.c.i.embedder.EclipseLogger - skip non existing resourceDirectory C:\Users\Ziad\eclipse-workspace\Exam\Exercice\src\test\resources
2024-01-08 10:19:41,130 [Worker-60: Building] ERROR o.e.m.c.i.URLConnectionCaches - Unexpected URLConnection defaultUseCaches enabled
2024-01-08 10:19:41,132 [Worker-60: Building] INFO  o.e.m.c.i.embedder.EclipseLogger - Using 'UTF-8' encoding to copy filtered resources.
2024-01-08 10:19:41,132 [Worker-60: Building] INFO  o.e.m.c.i.embedder.EclipseLogger - skip non existing resourceDirectory C:\Users\Ziad\eclipse-workspace\Exam\Exercice\src\main\resources
2024-01-08 10:19:41,134 [Worker-60: Building] INFO  o.e.m.c.i.embedder.EclipseLogger - Using 'UTF-8' encoding to copy filtered resources.
2024-01-08 10:19:41,135 [Worker-60: Building] INFO  o.e.m.c.i.embedder.EclipseLogger - skip non existing resourceDirectory C:\Users\Ziad\eclipse-workspace\Exam\Exercice\src\test\resources
2024-01-08 10:19:42,922 [Worker-59: Building] ERROR o.e.m.c.i.URLConnectionCaches - Unexpected URLConnection defaultUseCaches enabled
2024-01-08 10:19:42,924 [Worker-59: Building] INFO  o.e.m.c.i.embedder.EclipseLogger - Using 'UTF-8' encoding to copy filtered resources.
2024-01-08 10:19:42,924 [Worker-59: Building] INFO  o.e.m.c.i.embedder.EclipseLogger - skip non existing resourceDirectory C:\Users\Ziad\eclipse-workspace\Exam\Exercice\src\main\resources
2024-01-08 10:19:42,925 [Worker-59: Building] INFO  o.e.m.c.i.embedder.EclipseLogger - Using 'UTF-8' encoding to copy filtered resources.
2024-01-08 10:19:42,925 [Worker-59: Building] INFO  o.e.m.c.i.embedder.EclipseLogger - skip non existing resourceDirectory C:\Users\Ziad\eclipse-workspace\Exam\Exercice\src\test\resources
2024-01-08 10:20:20,375 [Worker-59: Building] ERROR o.e.m.c.i.URLConnectionCaches - Unexpected URLConnection defaultUseCaches enabled
2024-01-08 10:20:20,378 [Worker-59: Building] INFO  o.e.m.c.i.embedder.EclipseLogger - Using 'UTF-8' encoding to copy filtered resources.
2024-01-08 10:20:20,378 [Worker-59: Building] INFO  o.e.m.c.i.embedder.EclipseLogger - skip non existing resourceDirectory C:\Users\Ziad\eclipse-workspace\Exam\Exercice\src\main\resources
2024-01-08 10:20:20,380 [Worker-59: Building] INFO  o.e.m.c.i.embedder.EclipseLogger - Using 'UTF-8' encoding to copy filtered resources.
2024-01-08 10:20:20,380 [Worker-59: Building] INFO  o.e.m.c.i.embedder.EclipseLogger - skip non existing resourceDirectory C:\Users\Ziad\eclipse-workspace\Exam\Exercice\src\test\resources
2024-01-08 10:20:25,793 [Worker-61: Building] ERROR o.e.m.c.i.URLConnectionCaches - Unexpected URLConnection defaultUseCaches enabled
2024-01-08 10:20:25,795 [Worker-61: Building] INFO  o.e.m.c.i.embedder.EclipseLogger - Using 'UTF-8' encoding to copy filtered resources.
2024-01-08 10:20:25,795 [Worker-61: Building] INFO  o.e.m.c.i.embedder.EclipseLogger - skip non existing resourceDirectory C:\Users\Ziad\eclipse-workspace\Exam\Exercice\src\main\resources
2024-01-08 10:20:25,796 [Worker-61: Building] INFO  o.e.m.c.i.embedder.EclipseLogger - Using 'UTF-8' encoding to copy filtered resources.
2024-01-08 10:20:25,796 [Worker-61: Building] INFO  o.e.m.c.i.embedder.EclipseLogger - skip non existing resourceDirectory C:\Users\Ziad\eclipse-workspace\Exam\Exercice\src\test\resources
2024-01-08 10:20:43,141 [Worker-60: Building] ERROR o.e.m.c.i.URLConnectionCaches - Unexpected URLConnection defaultUseCaches enabled
2024-01-08 10:20:43,143 [Worker-60: Building] INFO  o.e.m.c.i.embedder.EclipseLogger - Using 'UTF-8' encoding to copy filtered resources.
2024-01-08 10:20:43,144 [Worker-60: Building] INFO  o.e.m.c.i.embedder.EclipseLogger - skip non existing resourceDirectory C:\Users\Ziad\eclipse-workspace\Exam\Exercice\src\main\resources
2024-01-08 10:20:43,145 [Worker-60: Building] INFO  o.e.m.c.i.embedder.EclipseLogger - Using 'UTF-8' encoding to copy filtered resources.
2024-01-08 10:20:43,145 [Worker-60: Building] INFO  o.e.m.c.i.embedder.EclipseLogger - skip non existing resourceDirectory C:\Users\Ziad\eclipse-workspace\Exam\Exercice\src\test\resources
2024-01-08 10:20:47,716 [Worker-60: Building] ERROR o.e.m.c.i.URLConnectionCaches - Unexpected URLConnection defaultUseCaches enabled
2024-01-08 10:20:47,718 [Worker-60: Building] INFO  o.e.m.c.i.embedder.EclipseLogger - Using 'UTF-8' encoding to copy filtered resources.
2024-01-08 10:20:47,719 [Worker-60: Building] INFO  o.e.m.c.i.embedder.EclipseLogger - skip non existing resourceDirectory C:\Users\Ziad\eclipse-workspace\Exam\Exercice\src\main\resources
2024-01-08 10:20:47,720 [Worker-60: Building] INFO  o.e.m.c.i.embedder.EclipseLogger - Using 'UTF-8' encoding to copy filtered resources.
2024-01-08 10:20:47,720 [Worker-60: Building] INFO  o.e.m.c.i.embedder.EclipseLogger - skip non existing resourceDirectory C:\Users\Ziad\eclipse-workspace\Exam\Exercice\src\test\resources
2024-01-08 10:21:45,696 [Worker-61: Building] ERROR o.e.m.c.i.URLConnectionCaches - Unexpected URLConnection defaultUseCaches enabled
2024-01-08 10:21:45,698 [Worker-61: Building] INFO  o.e.m.c.i.embedder.EclipseLogger - Using 'UTF-8' encoding to copy filtered resources.
2024-01-08 10:21:45,698 [Worker-61: Building] INFO  o.e.m.c.i.embedder.EclipseLogger - skip non existing resourceDirectory C:\Users\Ziad\eclipse-workspace\Exam\Exercice\src\main\resources
2024-01-08 10:21:45,699 [Worker-61: Building] INFO  o.e.m.c.i.embedder.EclipseLogger - Using 'UTF-8' encoding to copy filtered resources.
2024-01-08 10:21:45,699 [Worker-61: Building] INFO  o.e.m.c.i.embedder.EclipseLogger - skip non existing resourceDirectory C:\Users\Ziad\eclipse-workspace\Exam\Exercice\src\test\resources
2024-01-08 10:22:10,195 [Worker-60: Building] ERROR o.e.m.c.i.URLConnectionCaches - Unexpected URLConnection defaultUseCaches enabled
2024-01-08 10:22:10,197 [Worker-60: Building] INFO  o.e.m.c.i.embedder.EclipseLogger - Using 'UTF-8' encoding to copy filtered resources.
2024-01-08 10:22:10,197 [Worker-60: Building] INFO  o.e.m.c.i.embedder.EclipseLogger - skip non existing resourceDirectory C:\Users\Ziad\eclipse-workspace\Exam\Exercice\src\main\resources
2024-01-08 10:22:10,199 [Worker-60: Building] INFO  o.e.m.c.i.embedder.EclipseLogger - Using 'UTF-8' encoding to copy filtered resources.
2024-01-08 10:22:10,199 [Worker-60: Building] INFO  o.e.m.c.i.embedder.EclipseLogger - skip non existing resourceDirectory C:\Users\Ziad\eclipse-workspace\Exam\Exercice\src\test\resources
2024-01-08 10:22:18,884 [Worker-39: Building] ERROR o.e.m.c.i.URLConnectionCaches - Unexpected URLConnection defaultUseCaches enabled
2024-01-08 10:22:18,886 [Worker-39: Building] INFO  o.e.m.c.i.embedder.EclipseLogger - Using 'UTF-8' encoding to copy filtered resources.
2024-01-08 10:22:18,886 [Worker-39: Building] INFO  o.e.m.c.i.embedder.EclipseLogger - skip non existing resourceDirectory C:\Users\Ziad\eclipse-workspace\Exam\Exercice\src\main\resources
2024-01-08 10:22:18,887 [Worker-39: Building] INFO  o.e.m.c.i.embedder.EclipseLogger - Using 'UTF-8' encoding to copy filtered resources.
2024-01-08 10:22:18,887 [Worker-39: Building] INFO  o.e.m.c.i.embedder.EclipseLogger - skip non existing resourceDirectory C:\Users\Ziad\eclipse-workspace\Exam\Exercice\src\test\resources
2024-01-08 10:22:25,513 [Worker-59: Building] ERROR o.e.m.c.i.URLConnectionCaches - Unexpected URLConnection defaultUseCaches enabled
2024-01-08 10:22:25,515 [Worker-59: Building] INFO  o.e.m.c.i.embedder.EclipseLogger - Using 'UTF-8' encoding to copy filtered resources.
2024-01-08 10:22:25,515 [Worker-59: Building] INFO  o.e.m.c.i.embedder.EclipseLogger - skip non existing resourceDirectory C:\Users\Ziad\eclipse-workspace\Exam\Exercice\src\main\resources
2024-01-08 10:22:25,516 [Worker-59: Building] INFO  o.e.m.c.i.embedder.EclipseLogger - Using 'UTF-8' encoding to copy filtered resources.
2024-01-08 10:22:25,516 [Worker-59: Building] INFO  o.e.m.c.i.embedder.EclipseLogger - skip non existing resourceDirectory C:\Users\Ziad\eclipse-workspace\Exam\Exercice\src\test\resources
2024-01-08 10:22:36,370 [Worker-58: Building] ERROR o.e.m.c.i.URLConnectionCaches - Unexpected URLConnection defaultUseCaches enabled
2024-01-08 10:22:36,373 [Worker-58: Building] INFO  o.e.m.c.i.embedder.EclipseLogger - Using 'UTF-8' encoding to copy filtered resources.
2024-01-08 10:22:36,373 [Worker-58: Building] INFO  o.e.m.c.i.embedder.EclipseLogger - skip non existing resourceDirectory C:\Users\Ziad\eclipse-workspace\Exam\Exercice\src\main\resources
2024-01-08 10:22:36,374 [Worker-58: Building] INFO  o.e.m.c.i.embedder.EclipseLogger - Using 'UTF-8' encoding to copy filtered resources.
2024-01-08 10:22:36,374 [Worker-58: Building] INFO  o.e.m.c.i.embedder.EclipseLogger - skip non existing resourceDirectory C:\Users\Ziad\eclipse-workspace\Exam\Exercice\src\test\resources
2024-01-08 10:22:54,750 [Worker-59: Building] ERROR o.e.m.c.i.URLConnectionCaches - Unexpected URLConnection defaultUseCaches enabled
2024-01-08 10:22:54,752 [Worker-59: Building] INFO  o.e.m.c.i.embedder.EclipseLogger - Using 'UTF-8' encoding to copy filtered resources.
2024-01-08 10:22:54,752 [Worker-59: Building] INFO  o.e.m.c.i.embedder.EclipseLogger - skip non existing resourceDirectory C:\Users\Ziad\eclipse-workspace\Exam\Exercice\src\main\resources
2024-01-08 10:22:54,753 [Worker-59: Building] INFO  o.e.m.c.i.embedder.EclipseLogger - Using 'UTF-8' encoding to copy filtered resources.
2024-01-08 10:22:54,753 [Worker-59: Building] INFO  o.e.m.c.i.embedder.EclipseLogger - skip non existing resourceDirectory C:\Users\Ziad\eclipse-workspace\Exam\Exercice\src\test\resources
2024-01-08 10:23:25,952 [Worker-58: Building] ERROR o.e.m.c.i.URLConnectionCaches - Unexpected URLConnection defaultUseCaches enabled
2024-01-08 10:23:25,954 [Worker-58: Building] INFO  o.e.m.c.i.embedder.EclipseLogger - Using 'UTF-8' encoding to copy filtered resources.
2024-01-08 10:23:25,955 [Worker-58: Building] INFO  o.e.m.c.i.embedder.EclipseLogger - skip non existing resourceDirectory C:\Users\Ziad\eclipse-workspace\Exam\Exercice\src\main\resources
2024-01-08 10:23:25,956 [Worker-58: Building] INFO  o.e.m.c.i.embedder.EclipseLogger - Using 'UTF-8' encoding to copy filtered resources.
2024-01-08 10:23:25,956 [Worker-58: Building] INFO  o.e.m.c.i.embedder.EclipseLogger - skip non existing resourceDirectory C:\Users\Ziad\eclipse-workspace\Exam\Exercice\src\test\resources
2024-01-08 10:23:41,846 [Worker-59: Building] ERROR o.e.m.c.i.URLConnectionCaches - Unexpected URLConnection defaultUseCaches enabled
2024-01-08 10:23:41,847 [Worker-59: Building] INFO  o.e.m.c.i.embedder.EclipseLogger - Using 'UTF-8' encoding to copy filtered resources.
2024-01-08 10:23:41,848 [Worker-59: Building] INFO  o.e.m.c.i.embedder.EclipseLogger - skip non existing resourceDirectory C:\Users\Ziad\eclipse-workspace\Exam\Exercice\src\main\resources
2024-01-08 10:23:41,849 [Worker-59: Building] INFO  o.e.m.c.i.embedder.EclipseLogger - Using 'UTF-8' encoding to copy filtered resources.
2024-01-08 10:23:41,849 [Worker-59: Building] INFO  o.e.m.c.i.embedder.EclipseLogger - skip non existing resourceDirectory C:\Users\Ziad\eclipse-workspace\Exam\Exercice\src\test\resources
2024-01-08 10:24:31,371 [Worker-39: Building] ERROR o.e.m.c.i.URLConnectionCaches - Unexpected URLConnection defaultUseCaches enabled
2024-01-08 10:24:31,373 [Worker-39: Building] INFO  o.e.m.c.i.embedder.EclipseLogger - Using 'UTF-8' encoding to copy filtered resources.
2024-01-08 10:24:31,374 [Worker-39: Building] INFO  o.e.m.c.i.embedder.EclipseLogger - skip non existing resourceDirectory C:\Users\Ziad\eclipse-workspace\Exam\Exercice\src\main\resources
2024-01-08 10:24:31,375 [Worker-39: Building] INFO  o.e.m.c.i.embedder.EclipseLogger - Using 'UTF-8' encoding to copy filtered resources.
2024-01-08 10:24:31,375 [Worker-39: Building] INFO  o.e.m.c.i.embedder.EclipseLogger - skip non existing resourceDirectory C:\Users\Ziad\eclipse-workspace\Exam\Exercice\src\test\resources
2024-01-08 10:24:37,595 [Worker-39: Building] ERROR o.e.m.c.i.URLConnectionCaches - Unexpected URLConnection defaultUseCaches enabled
2024-01-08 10:24:37,597 [Worker-39: Building] INFO  o.e.m.c.i.embedder.EclipseLogger - Using 'UTF-8' encoding to copy filtered resources.
2024-01-08 10:24:37,597 [Worker-39: Building] INFO  o.e.m.c.i.embedder.EclipseLogger - skip non existing resourceDirectory C:\Users\Ziad\eclipse-workspace\Exam\Exercice\src\main\resources
2024-01-08 10:24:37,598 [Worker-39: Building] INFO  o.e.m.c.i.embedder.EclipseLogger - Using 'UTF-8' encoding to copy filtered resources.
2024-01-08 10:24:37,598 [Worker-39: Building] INFO  o.e.m.c.i.embedder.EclipseLogger - skip non existing resourceDirectory C:\Users\Ziad\eclipse-workspace\Exam\Exercice\src\test\resources
2024-01-08 10:24:59,995 [Worker-39: Building] ERROR o.e.m.c.i.URLConnectionCaches - Unexpected URLConnection defaultUseCaches enabled
2024-01-08 10:24:59,997 [Worker-39: Building] INFO  o.e.m.c.i.embedder.EclipseLogger - Using 'UTF-8' encoding to copy filtered resources.
2024-01-08 10:24:59,997 [Worker-39: Building] INFO  o.e.m.c.i.embedder.EclipseLogger - skip non existing resourceDirectory C:\Users\Ziad\eclipse-workspace\Exam\Exercice\src\main\resources
2024-01-08 10:24:59,998 [Worker-39: Building] INFO  o.e.m.c.i.embedder.EclipseLogger - Using 'UTF-8' encoding to copy filtered resources.
2024-01-08 10:24:59,998 [Worker-39: Building] INFO  o.e.m.c.i.embedder.EclipseLogger - skip non existing resourceDirectory C:\Users\Ziad\eclipse-workspace\Exam\Exercice\src\test\resources
2024-01-08 10:26:17,076 [Worker-61: Building] ERROR o.e.m.c.i.URLConnectionCaches - Unexpected URLConnection defaultUseCaches enabled
2024-01-08 10:26:17,078 [Worker-61: Building] INFO  o.e.m.c.i.embedder.EclipseLogger - Using 'UTF-8' encoding to copy filtered resources.
2024-01-08 10:26:17,078 [Worker-61: Building] INFO  o.e.m.c.i.embedder.EclipseLogger - skip non existing resourceDirectory C:\Users\Ziad\eclipse-workspace\Exam\Exercice\src\main\resources
2024-01-08 10:26:17,079 [Worker-61: Building] INFO  o.e.m.c.i.embedder.EclipseLogger - Using 'UTF-8' encoding to copy filtered resources.
2024-01-08 10:26:17,079 [Worker-61: Building] INFO  o.e.m.c.i.embedder.EclipseLogger - skip non existing resourceDirectory C:\Users\Ziad\eclipse-workspace\Exam\Exercice\src\test\resources
2024-01-08 10:26:31,114 [Worker-60: Building] ERROR o.e.m.c.i.URLConnectionCaches - Unexpected URLConnection defaultUseCaches enabled
2024-01-08 10:26:31,116 [Worker-60: Building] INFO  o.e.m.c.i.embedder.EclipseLogger - Using 'UTF-8' encoding to copy filtered resources.
2024-01-08 10:26:31,116 [Worker-60: Building] INFO  o.e.m.c.i.embedder.EclipseLogger - skip non existing resourceDirectory C:\Users\Ziad\eclipse-workspace\Exam\Exercice\src\main\resources
2024-01-08 10:26:31,117 [Worker-60: Building] INFO  o.e.m.c.i.embedder.EclipseLogger - Using 'UTF-8' encoding to copy filtered resources.
2024-01-08 10:26:31,117 [Worker-60: Building] INFO  o.e.m.c.i.embedder.EclipseLogger - skip non existing resourceDirectory C:\Users\Ziad\eclipse-workspace\Exam\Exercice\src\test\resources
2024-01-08 10:30:06,728 [Worker-65: Building] ERROR o.e.m.c.i.URLConnectionCaches - Unexpected URLConnection defaultUseCaches enabled
2024-01-08 10:30:06,730 [Worker-65: Building] INFO  o.e.m.c.i.embedder.EclipseLogger - Using 'UTF-8' encoding to copy filtered resources.
2024-01-08 10:30:06,730 [Worker-65: Building] INFO  o.e.m.c.i.embedder.EclipseLogger - skip non existing resourceDirectory C:\Users\Ziad\eclipse-workspace\Exam\Exercice\src\main\resources
2024-01-08 10:30:06,731 [Worker-65: Building] INFO  o.e.m.c.i.embedder.EclipseLogger - Using 'UTF-8' encoding to copy filtered resources.
2024-01-08 10:30:06,731 [Worker-65: Building] INFO  o.e.m.c.i.embedder.EclipseLogger - skip non existing resourceDirectory C:\Users\Ziad\eclipse-workspace\Exam\Exercice\src\test\resources
2024-01-08 10:31:55,232 [Worker-65: Building] ERROR o.e.m.c.i.URLConnectionCaches - Unexpected URLConnection defaultUseCaches enabled
2024-01-08 10:31:55,234 [Worker-65: Building] INFO  o.e.m.c.i.embedder.EclipseLogger - Using 'UTF-8' encoding to copy filtered resources.
2024-01-08 10:31:55,235 [Worker-65: Building] INFO  o.e.m.c.i.embedder.EclipseLogger - skip non existing resourceDirectory C:\Users\Ziad\eclipse-workspace\Exam\Exercice\src\main\resources
2024-01-08 10:31:55,236 [Worker-65: Building] INFO  o.e.m.c.i.embedder.EclipseLogger - Using 'UTF-8' encoding to copy filtered resources.
2024-01-08 10:31:55,236 [Worker-65: Building] INFO  o.e.m.c.i.embedder.EclipseLogger - skip non existing resourceDirectory C:\Users\Ziad\eclipse-workspace\Exam\Exercice\src\test\resources
2024-01-08 10:32:12,319 [Worker-64: Building] ERROR o.e.m.c.i.URLConnectionCaches - Unexpected URLConnection defaultUseCaches enabled
2024-01-08 10:32:12,322 [Worker-64: Building] INFO  o.e.m.c.i.embedder.EclipseLogger - Using 'UTF-8' encoding to copy filtered resources.
2024-01-08 10:32:12,322 [Worker-64: Building] INFO  o.e.m.c.i.embedder.EclipseLogger - skip non existing resourceDirectory C:\Users\Ziad\eclipse-workspace\Exam\Exercice\src\main\resources
2024-01-08 10:32:12,324 [Worker-64: Building] INFO  o.e.m.c.i.embedder.EclipseLogger - Using 'UTF-8' encoding to copy filtered resources.
2024-01-08 10:32:12,324 [Worker-64: Building] INFO  o.e.m.c.i.embedder.EclipseLogger - skip non existing resourceDirectory C:\Users\Ziad\eclipse-workspace\Exam\Exercice\src\test\resources
2024-01-08 10:40:02,785 [Worker-69: Building] ERROR o.e.m.c.i.URLConnectionCaches - Unexpected URLConnection defaultUseCaches enabled
2024-01-08 10:40:02,788 [Worker-69: Building] INFO  o.e.m.c.i.embedder.EclipseLogger - Using 'UTF-8' encoding to copy filtered resources.
2024-01-08 10:40:02,788 [Worker-69: Building] INFO  o.e.m.c.i.embedder.EclipseLogger - skip non existing resourceDirectory C:\Users\Ziad\eclipse-workspace\Exam\Exercice\src\main\resources
2024-01-08 10:40:02,789 [Worker-69: Building] INFO  o.e.m.c.i.embedder.EclipseLogger - Using 'UTF-8' encoding to copy filtered resources.
2024-01-08 10:40:02,789 [Worker-69: Building] INFO  o.e.m.c.i.embedder.EclipseLogger - skip non existing resourceDirectory C:\Users\Ziad\eclipse-workspace\Exam\Exercice\src\test\resources
2024-01-08 10:41:13,483 [Worker-71: Building] ERROR o.e.m.c.i.URLConnectionCaches - Unexpected URLConnection defaultUseCaches enabled
2024-01-08 10:41:13,485 [Worker-71: Building] INFO  o.e.m.c.i.embedder.EclipseLogger - Using 'UTF-8' encoding to copy filtered resources.
2024-01-08 10:41:13,485 [Worker-71: Building] INFO  o.e.m.c.i.embedder.EclipseLogger - skip non existing resourceDirectory C:\Users\Ziad\eclipse-workspace\Exam\Exercice\src\main\resources
2024-01-08 10:41:13,486 [Worker-71: Building] INFO  o.e.m.c.i.embedder.EclipseLogger - Using 'UTF-8' encoding to copy filtered resources.
2024-01-08 10:41:13,486 [Worker-71: Building] INFO  o.e.m.c.i.embedder.EclipseLogger - skip non existing resourceDirectory C:\Users\Ziad\eclipse-workspace\Exam\Exercice\src\test\resources
2024-01-08 10:43:22,465 [Worker-72: Building] ERROR o.e.m.c.i.URLConnectionCaches - Unexpected URLConnection defaultUseCaches enabled
2024-01-08 10:43:22,468 [Worker-72: Building] INFO  o.e.m.c.i.embedder.EclipseLogger - Using 'UTF-8' encoding to copy filtered resources.
2024-01-08 10:43:22,468 [Worker-72: Building] INFO  o.e.m.c.i.embedder.EclipseLogger - skip non existing resourceDirectory C:\Users\Ziad\eclipse-workspace\Exam\Exercice\src\main\resources
2024-01-08 10:43:22,470 [Worker-72: Building] INFO  o.e.m.c.i.embedder.EclipseLogger - Using 'UTF-8' encoding to copy filtered resources.
2024-01-08 10:43:22,470 [Worker-72: Building] INFO  o.e.m.c.i.embedder.EclipseLogger - skip non existing resourceDirectory C:\Users\Ziad\eclipse-workspace\Exam\Exercice\src\test\resources
2024-01-08 10:43:26,743 [Worker-63: Building] ERROR o.e.m.c.i.URLConnectionCaches - Unexpected URLConnection defaultUseCaches enabled
2024-01-08 10:43:26,745 [Worker-63: Building] INFO  o.e.m.c.i.embedder.EclipseLogger - Using 'UTF-8' encoding to copy filtered resources.
2024-01-08 10:43:26,745 [Worker-63: Building] INFO  o.e.m.c.i.embedder.EclipseLogger - skip non existing resourceDirectory C:\Users\Ziad\eclipse-workspace\Exam\Exercice\src\main\resources
2024-01-08 10:43:26,746 [Worker-63: Building] INFO  o.e.m.c.i.embedder.EclipseLogger - Using 'UTF-8' encoding to copy filtered resources.
2024-01-08 10:43:26,746 [Worker-63: Building] INFO  o.e.m.c.i.embedder.EclipseLogger - skip non existing resourceDirectory C:\Users\Ziad\eclipse-workspace\Exam\Exercice\src\test\resources
2024-01-08 10:43:30,134 [Worker-63: Building] ERROR o.e.m.c.i.URLConnectionCaches - Unexpected URLConnection defaultUseCaches enabled
2024-01-08 10:43:30,136 [Worker-63: Building] INFO  o.e.m.c.i.embedder.EclipseLogger - Using 'UTF-8' encoding to copy filtered resources.
2024-01-08 10:43:30,136 [Worker-63: Building] INFO  o.e.m.c.i.embedder.EclipseLogger - skip non existing resourceDirectory C:\Users\Ziad\eclipse-workspace\Exam\Exercice\src\main\resources
2024-01-08 10:43:30,137 [Worker-63: Building] INFO  o.e.m.c.i.embedder.EclipseLogger - Using 'UTF-8' encoding to copy filtered resources.
2024-01-08 10:43:30,137 [Worker-63: Building] INFO  o.e.m.c.i.embedder.EclipseLogger - skip non existing resourceDirectory C:\Users\Ziad\eclipse-workspace\Exam\Exercice\src\test\resources
2024-01-08 10:47:37,705 [Worker-74: Building] ERROR o.e.m.c.i.URLConnectionCaches - Unexpected URLConnection defaultUseCaches enabled
2024-01-08 10:47:37,707 [Worker-74: Building] INFO  o.e.m.c.i.embedder.EclipseLogger - Using 'UTF-8' encoding to copy filtered resources.
2024-01-08 10:47:37,707 [Worker-74: Building] INFO  o.e.m.c.i.embedder.EclipseLogger - skip non existing resourceDirectory C:\Users\Ziad\eclipse-workspace\Exam\Exercice\src\main\resources
2024-01-08 10:47:37,708 [Worker-74: Building] INFO  o.e.m.c.i.embedder.EclipseLogger - Using 'UTF-8' encoding to copy filtered resources.
2024-01-08 10:47:37,708 [Worker-74: Building] INFO  o.e.m.c.i.embedder.EclipseLogger - skip non existing resourceDirectory C:\Users\Ziad\eclipse-workspace\Exam\Exercice\src\test\resources
2024-01-08 10:48:55,581 [Worker-75: Building] ERROR o.e.m.c.i.URLConnectionCaches - Unexpected URLConnection defaultUseCaches enabled
2024-01-08 10:48:55,582 [Worker-75: Building] INFO  o.e.m.c.i.embedder.EclipseLogger - Using 'UTF-8' encoding to copy filtered resources.
2024-01-08 10:48:55,582 [Worker-75: Building] INFO  o.e.m.c.i.embedder.EclipseLogger - skip non existing resourceDirectory C:\Users\Ziad\eclipse-workspace\Exam\Exercice\src\main\resources
2024-01-08 10:48:55,583 [Worker-75: Building] INFO  o.e.m.c.i.embedder.EclipseLogger - Using 'UTF-8' encoding to copy filtered resources.
2024-01-08 10:48:55,583 [Worker-75: Building] INFO  o.e.m.c.i.embedder.EclipseLogger - skip non existing resourceDirectory C:\Users\Ziad\eclipse-workspace\Exam\Exercice\src\test\resources
2024-01-08 10:49:48,376 [Worker-71: Building] ERROR o.e.m.c.i.URLConnectionCaches - Unexpected URLConnection defaultUseCaches enabled
2024-01-08 10:49:48,378 [Worker-71: Building] INFO  o.e.m.c.i.embedder.EclipseLogger - Using 'UTF-8' encoding to copy filtered resources.
2024-01-08 10:49:48,379 [Worker-71: Building] INFO  o.e.m.c.i.embedder.EclipseLogger - skip non existing resourceDirectory C:\Users\Ziad\eclipse-workspace\Exam\Exercice\src\main\resources
2024-01-08 10:49:48,380 [Worker-71: Building] INFO  o.e.m.c.i.embedder.EclipseLogger - Using 'UTF-8' encoding to copy filtered resources.
2024-01-08 10:49:48,380 [Worker-71: Building] INFO  o.e.m.c.i.embedder.EclipseLogger - skip non existing resourceDirectory C:\Users\Ziad\eclipse-workspace\Exam\Exercice\src\test\resources
2024-01-08 10:52:20,198 [Worker-74: Building] ERROR o.e.m.c.i.URLConnectionCaches - Unexpected URLConnection defaultUseCaches enabled
2024-01-08 10:52:20,200 [Worker-74: Building] INFO  o.e.m.c.i.embedder.EclipseLogger - Using 'UTF-8' encoding to copy filtered resources.
2024-01-08 10:52:20,201 [Worker-74: Building] INFO  o.e.m.c.i.embedder.EclipseLogger - skip non existing resourceDirectory C:\Users\Ziad\eclipse-workspace\Exam\Exercice\src\main\resources
2024-01-08 10:52:20,202 [Worker-74: Building] INFO  o.e.m.c.i.embedder.EclipseLogger - Using 'UTF-8' encoding to copy filtered resources.
2024-01-08 10:52:20,203 [Worker-74: Building] INFO  o.e.m.c.i.embedder.EclipseLogger - skip non existing resourceDirectory C:\Users\Ziad\eclipse-workspace\Exam\Exercice\src\test\resources
2024-01-08 10:53:01,954 [Worker-72: Building] ERROR o.e.m.c.i.URLConnectionCaches - Unexpected URLConnection defaultUseCaches enabled
2024-01-08 10:53:01,956 [Worker-72: Building] INFO  o.e.m.c.i.embedder.EclipseLogger - Using 'UTF-8' encoding to copy filtered resources.
2024-01-08 10:53:01,956 [Worker-72: Building] INFO  o.e.m.c.i.embedder.EclipseLogger - skip non existing resourceDirectory C:\Users\Ziad\eclipse-workspace\Exam\Exercice\src\main\resources
2024-01-08 10:53:01,957 [Worker-72: Building] INFO  o.e.m.c.i.embedder.EclipseLogger - Using 'UTF-8' encoding to copy filtered resources.
2024-01-08 10:53:01,957 [Worker-72: Building] INFO  o.e.m.c.i.embedder.EclipseLogger - skip non existing resourceDirectory C:\Users\Ziad\eclipse-workspace\Exam\Exercice\src\test\resources
2024-01-08 10:53:31,177 [Worker-75: Building] ERROR o.e.m.c.i.URLConnectionCaches - Unexpected URLConnection defaultUseCaches enabled
2024-01-08 10:53:31,178 [Worker-75: Building] INFO  o.e.m.c.i.embedder.EclipseLogger - Using 'UTF-8' encoding to copy filtered resources.
2024-01-08 10:53:31,178 [Worker-75: Building] INFO  o.e.m.c.i.embedder.EclipseLogger - skip non existing resourceDirectory C:\Users\Ziad\eclipse-workspace\Exam\Exercice\src\main\resources
2024-01-08 10:53:31,179 [Worker-75: Building] INFO  o.e.m.c.i.embedder.EclipseLogger - Using 'UTF-8' encoding to copy filtered resources.
2024-01-08 10:53:31,179 [Worker-75: Building] INFO  o.e.m.c.i.embedder.EclipseLogger - skip non existing resourceDirectory C:\Users\Ziad\eclipse-workspace\Exam\Exercice\src\test\resources
2024-01-08 10:53:40,435 [Worker-77: Building] ERROR o.e.m.c.i.URLConnectionCaches - Unexpected URLConnection defaultUseCaches enabled
2024-01-08 10:53:40,437 [Worker-77: Building] INFO  o.e.m.c.i.embedder.EclipseLogger - Using 'UTF-8' encoding to copy filtered resources.
2024-01-08 10:53:40,438 [Worker-77: Building] INFO  o.e.m.c.i.embedder.EclipseLogger - skip non existing resourceDirectory C:\Users\Ziad\eclipse-workspace\Exam\Exercice\src\main\resources
2024-01-08 10:53:40,438 [Worker-77: Building] INFO  o.e.m.c.i.embedder.EclipseLogger - Using 'UTF-8' encoding to copy filtered resources.
2024-01-08 10:53:40,439 [Worker-77: Building] INFO  o.e.m.c.i.embedder.EclipseLogger - skip non existing resourceDirectory C:\Users\Ziad\eclipse-workspace\Exam\Exercice\src\test\resources
2024-01-08 10:53:53,764 [Worker-77: Building] ERROR o.e.m.c.i.URLConnectionCaches - Unexpected URLConnection defaultUseCaches enabled
2024-01-08 10:53:53,766 [Worker-77: Building] INFO  o.e.m.c.i.embedder.EclipseLogger - Using 'UTF-8' encoding to copy filtered resources.
2024-01-08 10:53:53,767 [Worker-77: Building] INFO  o.e.m.c.i.embedder.EclipseLogger - skip non existing resourceDirectory C:\Users\Ziad\eclipse-workspace\Exam\Exercice\src\main\resources
2024-01-08 10:53:53,768 [Worker-77: Building] INFO  o.e.m.c.i.embedder.EclipseLogger - Using 'UTF-8' encoding to copy filtered resources.
2024-01-08 10:53:53,769 [Worker-77: Building] INFO  o.e.m.c.i.embedder.EclipseLogger - skip non existing resourceDirectory C:\Users\Ziad\eclipse-workspace\Exam\Exercice\src\test\resources
2024-01-08 10:54:21,819 [Worker-63: Building] ERROR o.e.m.c.i.URLConnectionCaches - Unexpected URLConnection defaultUseCaches enabled
2024-01-08 10:54:21,822 [Worker-63: Building] INFO  o.e.m.c.i.embedder.EclipseLogger - Using 'UTF-8' encoding to copy filtered resources.
2024-01-08 10:54:21,822 [Worker-63: Building] INFO  o.e.m.c.i.embedder.EclipseLogger - skip non existing resourceDirectory C:\Users\Ziad\eclipse-workspace\Exam\Exercice\src\main\resources
2024-01-08 10:54:21,823 [Worker-63: Building] INFO  o.e.m.c.i.embedder.EclipseLogger - Using 'UTF-8' encoding to copy filtered resources.
2024-01-08 10:54:21,823 [Worker-63: Building] INFO  o.e.m.c.i.embedder.EclipseLogger - skip non existing resourceDirectory C:\Users\Ziad\eclipse-workspace\Exam\Exercice\src\test\resources
2024-01-08 10:54:43,868 [Worker-78: Building] ERROR o.e.m.c.i.URLConnectionCaches - Unexpected URLConnection defaultUseCaches enabled
2024-01-08 10:54:43,869 [Worker-78: Building] INFO  o.e.m.c.i.embedder.EclipseLogger - Using 'UTF-8' encoding to copy filtered resources.
2024-01-08 10:54:43,870 [Worker-78: Building] INFO  o.e.m.c.i.embedder.EclipseLogger - skip non existing resourceDirectory C:\Users\Ziad\eclipse-workspace\Exam\Exercice\src\main\resources
2024-01-08 10:54:43,871 [Worker-78: Building] INFO  o.e.m.c.i.embedder.EclipseLogger - Using 'UTF-8' encoding to copy filtered resources.
2024-01-08 10:54:43,871 [Worker-78: Building] INFO  o.e.m.c.i.embedder.EclipseLogger - skip non existing resourceDirectory C:\Users\Ziad\eclipse-workspace\Exam\Exercice\src\test\resources
2024-01-08 10:55:05,780 [Worker-75: Launching App] ERROR o.e.m.c.i.URLConnectionCaches - Unexpected URLConnection defaultUseCaches enabled
2024-01-08 10:55:05,782 [Worker-75: Launching App] INFO  o.e.m.c.i.embedder.EclipseLogger - Using 'UTF-8' encoding to copy filtered resources.
2024-01-08 10:55:05,782 [Worker-75: Launching App] INFO  o.e.m.c.i.embedder.EclipseLogger - skip non existing resourceDirectory C:\Users\Ziad\eclipse-workspace\Exam\Exercice\src\main\resources
2024-01-08 10:55:05,783 [Worker-75: Launching App] INFO  o.e.m.c.i.embedder.EclipseLogger - Using 'UTF-8' encoding to copy filtered resources.
2024-01-08 10:55:05,783 [Worker-75: Launching App] INFO  o.e.m.c.i.embedder.EclipseLogger - skip non existing resourceDirectory C:\Users\Ziad\eclipse-workspace\Exam\Exercice\src\test\resources
2024-01-08 10:55:22,812 [Worker-71: Building] ERROR o.e.m.c.i.URLConnectionCaches - Unexpected URLConnection defaultUseCaches enabled
2024-01-08 10:55:22,814 [Worker-71: Building] INFO  o.e.m.c.i.embedder.EclipseLogger - Using 'UTF-8' encoding to copy filtered resources.
2024-01-08 10:55:22,814 [Worker-71: Building] INFO  o.e.m.c.i.embedder.EclipseLogger - skip non existing resourceDirectory C:\Users\Ziad\eclipse-workspace\Exam\Exercice\src\main\resources
2024-01-08 10:55:22,815 [Worker-71: Building] INFO  o.e.m.c.i.embedder.EclipseLogger - Using 'UTF-8' encoding to copy filtered resources.
2024-01-08 10:55:22,815 [Worker-71: Building] INFO  o.e.m.c.i.embedder.EclipseLogger - skip non existing resourceDirectory C:\Users\Ziad\eclipse-workspace\Exam\Exercice\src\test\resources
2024-01-08 10:57:02,083 [Worker-71: Building] ERROR o.e.m.c.i.URLConnectionCaches - Unexpected URLConnection defaultUseCaches enabled
2024-01-08 10:57:02,085 [Worker-71: Building] INFO  o.e.m.c.i.embedder.EclipseLogger - Using 'UTF-8' encoding to copy filtered resources.
2024-01-08 10:57:02,085 [Worker-71: Building] INFO  o.e.m.c.i.embedder.EclipseLogger - skip non existing resourceDirectory C:\Users\Ziad\eclipse-workspace\Exam\Exercice\src\main\resources
2024-01-08 10:57:02,087 [Worker-71: Building] INFO  o.e.m.c.i.embedder.EclipseLogger - Using 'UTF-8' encoding to copy filtered resources.
2024-01-08 10:57:02,087 [Worker-71: Building] INFO  o.e.m.c.i.embedder.EclipseLogger - skip non existing resourceDirectory C:\Users\Ziad\eclipse-workspace\Exam\Exercice\src\test\resources
2024-01-08 10:57:28,711 [Worker-79: Building] ERROR o.e.m.c.i.URLConnectionCaches - Unexpected URLConnection defaultUseCaches enabled
2024-01-08 10:57:28,714 [Worker-79: Building] INFO  o.e.m.c.i.embedder.EclipseLogger - Using 'UTF-8' encoding to copy filtered resources.
2024-01-08 10:57:28,714 [Worker-79: Building] INFO  o.e.m.c.i.embedder.EclipseLogger - skip non existing resourceDirectory C:\Users\Ziad\eclipse-workspace\Exam\Exercice\src\main\resources
2024-01-08 10:57:28,715 [Worker-79: Building] INFO  o.e.m.c.i.embedder.EclipseLogger - Using 'UTF-8' encoding to copy filtered resources.
2024-01-08 10:57:28,716 [Worker-79: Building] INFO  o.e.m.c.i.embedder.EclipseLogger - skip non existing resourceDirectory C:\Users\Ziad\eclipse-workspace\Exam\Exercice\src\test\resources
2024-01-08 10:57:56,032 [Worker-82: Building] ERROR o.e.m.c.i.URLConnectionCaches - Unexpected URLConnection defaultUseCaches enabled
2024-01-08 10:57:56,034 [Worker-82: Building] INFO  o.e.m.c.i.embedder.EclipseLogger - Using 'UTF-8' encoding to copy filtered resources.
2024-01-08 10:57:56,034 [Worker-82: Building] INFO  o.e.m.c.i.embedder.EclipseLogger - skip non existing resourceDirectory C:\Users\Ziad\eclipse-workspace\Exam\Exercice\src\main\resources
2024-01-08 10:57:56,035 [Worker-82: Building] INFO  o.e.m.c.i.embedder.EclipseLogger - Using 'UTF-8' encoding to copy filtered resources.
2024-01-08 10:57:56,035 [Worker-82: Building] INFO  o.e.m.c.i.embedder.EclipseLogger - skip non existing resourceDirectory C:\Users\Ziad\eclipse-workspace\Exam\Exercice\src\test\resources
2024-01-08 10:59:09,339 [Worker-82: Building] ERROR o.e.m.c.i.URLConnectionCaches - Unexpected URLConnection defaultUseCaches enabled
2024-01-08 10:59:09,343 [Worker-82: Building] INFO  o.e.m.c.i.embedder.EclipseLogger - Using 'UTF-8' encoding to copy filtered resources.
2024-01-08 10:59:09,343 [Worker-82: Building] INFO  o.e.m.c.i.embedder.EclipseLogger - skip non existing resourceDirectory C:\Users\Ziad\eclipse-workspace\Exam\Exercice\src\main\resources
2024-01-08 10:59:09,344 [Worker-82: Building] INFO  o.e.m.c.i.embedder.EclipseLogger - Using 'UTF-8' encoding to copy filtered resources.
2024-01-08 10:59:09,345 [Worker-82: Building] INFO  o.e.m.c.i.embedder.EclipseLogger - skip non existing resourceDirectory C:\Users\Ziad\eclipse-workspace\Exam\Exercice\src\test\resources
2024-01-08 10:59:36,225 [Worker-63: Building] ERROR o.e.m.c.i.URLConnectionCaches - Unexpected URLConnection defaultUseCaches enabled
2024-01-08 10:59:36,227 [Worker-63: Building] INFO  o.e.m.c.i.embedder.EclipseLogger - Using 'UTF-8' encoding to copy filtered resources.
2024-01-08 10:59:36,228 [Worker-63: Building] INFO  o.e.m.c.i.embedder.EclipseLogger - skip non existing resourceDirectory C:\Users\Ziad\eclipse-workspace\Exam\Exercice\src\main\resources
2024-01-08 10:59:36,229 [Worker-63: Building] INFO  o.e.m.c.i.embedder.EclipseLogger - Using 'UTF-8' encoding to copy filtered resources.
2024-01-08 10:59:36,229 [Worker-63: Building] INFO  o.e.m.c.i.embedder.EclipseLogger - skip non existing resourceDirectory C:\Users\Ziad\eclipse-workspace\Exam\Exercice\src\test\resources
2024-01-08 10:59:51,032 [Worker-83: Building] ERROR o.e.m.c.i.URLConnectionCaches - Unexpected URLConnection defaultUseCaches enabled
2024-01-08 10:59:51,034 [Worker-83: Building] INFO  o.e.m.c.i.embedder.EclipseLogger - Using 'UTF-8' encoding to copy filtered resources.
2024-01-08 10:59:51,035 [Worker-83: Building] INFO  o.e.m.c.i.embedder.EclipseLogger - skip non existing resourceDirectory C:\Users\Ziad\eclipse-workspace\Exam\Exercice\src\main\resources
2024-01-08 10:59:51,035 [Worker-83: Building] INFO  o.e.m.c.i.embedder.EclipseLogger - Using 'UTF-8' encoding to copy filtered resources.
2024-01-08 10:59:51,036 [Worker-83: Building] INFO  o.e.m.c.i.embedder.EclipseLogger - skip non existing resourceDirectory C:\Users\Ziad\eclipse-workspace\Exam\Exercice\src\test\resources
2024-01-08 10:59:54,895 [Worker-63: Building] ERROR o.e.m.c.i.URLConnectionCaches - Unexpected URLConnection defaultUseCaches enabled
2024-01-08 10:59:54,896 [Worker-63: Building] INFO  o.e.m.c.i.embedder.EclipseLogger - Using 'UTF-8' encoding to copy filtered resources.
2024-01-08 10:59:54,896 [Worker-63: Building] INFO  o.e.m.c.i.embedder.EclipseLogger - skip non existing resourceDirectory C:\Users\Ziad\eclipse-workspace\Exam\Exercice\src\main\resources
2024-01-08 10:59:54,897 [Worker-63: Building] INFO  o.e.m.c.i.embedder.EclipseLogger - Using 'UTF-8' encoding to copy filtered resources.
2024-01-08 10:59:54,897 [Worker-63: Building] INFO  o.e.m.c.i.embedder.EclipseLogger - skip non existing resourceDirectory C:\Users\Ziad\eclipse-workspace\Exam\Exercice\src\test\resources
2024-01-08 11:00:42,183 [Worker-83: Building] ERROR o.e.m.c.i.URLConnectionCaches - Unexpected URLConnection defaultUseCaches enabled
2024-01-08 11:00:42,185 [Worker-83: Building] INFO  o.e.m.c.i.embedder.EclipseLogger - Using 'UTF-8' encoding to copy filtered resources.
2024-01-08 11:00:42,185 [Worker-83: Building] INFO  o.e.m.c.i.embedder.EclipseLogger - skip non existing resourceDirectory C:\Users\Ziad\eclipse-workspace\Exam\Exercice\src\main\resources
2024-01-08 11:00:42,186 [Worker-83: Building] INFO  o.e.m.c.i.embedder.EclipseLogger - Using 'UTF-8' encoding to copy filtered resources.
2024-01-08 11:00:42,186 [Worker-83: Building] INFO  o.e.m.c.i.embedder.EclipseLogger - skip non existing resourceDirectory C:\Users\Ziad\eclipse-workspace\Exam\Exercice\src\test\resources
2024-01-08 11:02:17,909 [Worker-80: Building] ERROR o.e.m.c.i.URLConnectionCaches - Unexpected URLConnection defaultUseCaches enabled
2024-01-08 11:02:17,911 [Worker-80: Building] INFO  o.e.m.c.i.embedder.EclipseLogger - Using 'UTF-8' encoding to copy filtered resources.
2024-01-08 11:02:17,911 [Worker-80: Building] INFO  o.e.m.c.i.embedder.EclipseLogger - skip non existing resourceDirectory C:\Users\Ziad\eclipse-workspace\Exam\Exercice\src\main\resources
2024-01-08 11:02:17,912 [Worker-80: Building] INFO  o.e.m.c.i.embedder.EclipseLogger - Using 'UTF-8' encoding to copy filtered resources.
2024-01-08 11:02:17,912 [Worker-80: Building] INFO  o.e.m.c.i.embedder.EclipseLogger - skip non existing resourceDirectory C:\Users\Ziad\eclipse-workspace\Exam\Exercice\src\test\resources
2024-01-08 11:06:26,361 [Worker-82: Building] ERROR o.e.m.c.i.URLConnectionCaches - Unexpected URLConnection defaultUseCaches enabled
2024-01-08 11:06:26,364 [Worker-82: Building] INFO  o.e.m.c.i.embedder.EclipseLogger - Using 'UTF-8' encoding to copy filtered resources.
2024-01-08 11:06:26,364 [Worker-82: Building] INFO  o.e.m.c.i.embedder.EclipseLogger - skip non existing resourceDirectory C:\Users\Ziad\eclipse-workspace\Exam\Exercice\src\main\resources
2024-01-08 11:06:26,365 [Worker-82: Building] INFO  o.e.m.c.i.embedder.EclipseLogger - Using 'UTF-8' encoding to copy filtered resources.
2024-01-08 11:06:26,366 [Worker-82: Building] INFO  o.e.m.c.i.embedder.EclipseLogger - skip non existing resourceDirectory C:\Users\Ziad\eclipse-workspace\Exam\Exercice\src\test\resources
2024-01-08 11:06:31,298 [Worker-82: Building] ERROR o.e.m.c.i.URLConnectionCaches - Unexpected URLConnection defaultUseCaches enabled
2024-01-08 11:06:31,300 [Worker-82: Building] INFO  o.e.m.c.i.embedder.EclipseLogger - Using 'UTF-8' encoding to copy filtered resources.
2024-01-08 11:06:31,300 [Worker-82: Building] INFO  o.e.m.c.i.embedder.EclipseLogger - skip non existing resourceDirectory C:\Users\Ziad\eclipse-workspace\Exam\Exercice\src\main\resources
2024-01-08 11:06:31,301 [Worker-82: Building] INFO  o.e.m.c.i.embedder.EclipseLogger - Using 'UTF-8' encoding to copy filtered resources.
2024-01-08 11:06:31,302 [Worker-82: Building] INFO  o.e.m.c.i.embedder.EclipseLogger - skip non existing resourceDirectory C:\Users\Ziad\eclipse-workspace\Exam\Exercice\src\test\resources
2024-01-08 11:07:04,910 [Worker-86: Building] ERROR o.e.m.c.i.URLConnectionCaches - Unexpected URLConnection defaultUseCaches enabled
2024-01-08 11:07:04,912 [Worker-86: Building] INFO  o.e.m.c.i.embedder.EclipseLogger - Using 'UTF-8' encoding to copy filtered resources.
2024-01-08 11:07:04,912 [Worker-86: Building] INFO  o.e.m.c.i.embedder.EclipseLogger - skip non existing resourceDirectory C:\Users\Ziad\eclipse-workspace\Exam\Exercice\src\main\resources
2024-01-08 11:07:04,913 [Worker-86: Building] INFO  o.e.m.c.i.embedder.EclipseLogger - Using 'UTF-8' encoding to copy filtered resources.
2024-01-08 11:07:04,913 [Worker-86: Building] INFO  o.e.m.c.i.embedder.EclipseLogger - skip non existing resourceDirectory C:\Users\Ziad\eclipse-workspace\Exam\Exercice\src\test\resources
